Using CPU. Note: This module is much faster with a GPU.
/Users/marx/Library/Python/3.9/lib/python/site-packages/torch/utils/data/dataloader.py:684: UserWarning: 'pin_memory' argument is set as true but not supported on MPS now, then device pinned memory won't be used.
  warnings.warn(warn_msg)
EasyOCR을 사용합니다...
총 205개 이미지 파일을 처리합니다...

[1/205] 처리 중: IMG_9940.png ... ✓ Minor_1/
[2/205] 처리 중: IMG_9941.png ... ✓ Minor_2/
[3/205] 처리 중: IMG_9942.png ... ⚠ Unknown/ (Minor 값을 찾지 못함)
[4/205] 처리 중: IMG_9943.png ... ⚠ Unknown/ (Minor 값을 찾지 못함)
[5/205] 처리 중: IMG_9944.png ... ⚠ Unknown/ (Minor 값을 찾지 못함)
[6/205] 처리 중: IMG_9945.png ... ⚠ Unknown/ (Minor 값을 찾지 못함)
[7/205] 처리 중: IMG_9946.png ... ✓ Minor_7/
[8/205] 처리 중: IMG_9947.png ... ✓ Minor_8/
[9/205] 처리 중: IMG_9948.png ... ✓ Minor_0/
[10/205] 처리 중: IMG_9949.png ... ✓ Minor_10/
[11/205] 처리 중: IMG_9950.png ... ⚠ Unknown/ (Minor 값을 찾지 못함)
[12/205] 처리 중: IMG_9951.png ... ⚠ Unknown/ (Minor 값을 찾지 못함)
[13/205] 처리 중: IMG_9952.png ... ✓ Minor_13/
[14/205] 처리 중: IMG_9953.png ... ✓ Minor_14/
[15/205] 처리 중: IMG_9954.png ... ✓ Minor_15/
[16/205] 처리 중: IMG_9955.png ... ✓ Minor_16/
[17/205] 처리 중: IMG_9956.png ... ✓ Minor_17/
[18/205] 처리 중: IMG_9957.png ... ✓ Minor_18/
[19/205] 처리 중: IMG_9958.png ... ✓ Minor_1/
[20/205] 처리 중: IMG_9959.png ... ✓ Minor_20/
[21/205] 처리 중: IMG_9960.png ... ✓ Minor_21/
[22/205] 처리 중: IMG_9961.png ... ✓ Minor_22/
[23/205] 처리 중: IMG_9962.png ... ✓ Minor_23/
[24/205] 처리 중: IMG_9963.png ... ✓ Minor_24/
[25/205] 처리 중: IMG_9964.png ... ⚠ Unknown/ (Minor 값을 찾지 못함)
[26/205] 처리 중: IMG_9966.png ... ⚠ Unknown/ (Minor 값을 찾지 못함)
[27/205] 처리 중: IMG_9967.png ... ⚠ Unknown/ (Minor 값을 찾지 못함)
[28/205] 처리 중: IMG_9968.png ... ⚠ Unknown/ (Minor 값을 찾지 못함)
[29/205] 처리 중: IMG_9969.png ... ⚠ Unknown/ (Minor 값을 찾지 못함)
[30/205] 처리 중: IMG_9970.png ... ✓ Minor_30/
[31/205] 처리 중: IMG_9971.png ... ✓ Minor_31/
[32/205] 처리 중: IMG_9972.png ... ⚠ Unknown/ (Minor 값을 찾지 못함)
[33/205] 처리 중: IMG_9974.png ... ✓ Minor_33/
[34/205] 처리 중: IMG_9975.png ... ⚠ Unknown/ (Minor 값을 찾지 못함)
[35/205] 처리 중: IMG_9976.png ... ⚠ Unknown/ (Minor 값을 찾지 못함)
[36/205] 처리 중: IMG_9977.png ... ✓ Minor_36/
[37/205] 처리 중: IMG_9978.png ... ✓ Minor_37/
[38/205] 처리 중: IMG_9979.png ... ✓ Minor_38/
[39/205] 처리 중: 장호원비콘설치10251104130.jpg ... ⚠ Unknown/ (Minor 값을 찾지 못함)
[40/205] 처리 중: 장호원비콘설치10251104131.jpg ... ⚠ Unknown/ (Minor 값을 찾지 못함)
[41/205] 처리 중: 장호원비콘설치10251104132.jpg ... ⚠ Unknown/ (Minor 값을 찾지 못함)
[42/205] 처리 중: 장호원비콘설치11251104133.jpg ... ⚠ Unknown/ (Minor 값을 찾지 못함)
[43/205] 처리 중: 장호원비콘설치12251104134.jpg ... ⚠ Unknown/ (Minor 값을 찾지 못함)
[44/205] 처리 중: 장호원비콘설치12251104135.jpg ... ⚠ Unknown/ (Minor 값을 찾지 못함)
[45/205] 처리 중: 장호원비콘설치1251104120.jpg ... ⚠ Unknown/ (Minor 값을 찾지 못함)
[46/205] 처리 중: 장호원비콘설치13251104136.jpg ... ⚠ Unknown/ (Minor 값을 찾지 못함)
[47/205] 처리 중: 장호원비콘설치14251104139.jpg ... ⚠ Unknown/ (Minor 값을 찾지 못함)
[48/205] 처리 중: 장호원비콘설치15251104140.jpg ... ⚠ Unknown/ (Minor 값을 찾지 못함)
[49/205] 처리 중: 장호원비콘설치15251104141.jpg ... ⚠ Unknown/ (Minor 값을 찾지 못함)
[50/205] 처리 중: 장호원비콘설치16251104142.jpg ... ⚠ Unknown/ (Minor 값을 찾지 못함)
[51/205] 처리 중: 장호원비콘설치17251104143.jpg ... ⚠ Unknown/ (Minor 값을 찾지 못함)
[52/205] 처리 중: 장호원비콘설치18251104144.jpg ... ⚠ Unknown/ (Minor 값을 찾지 못함)
[53/205] 처리 중: 장호원비콘설치19251104145.jpg ... ⚠ Unknown/ (Minor 값을 찾지 못함)
[54/205] 처리 중: 장호원비콘설치20251104146.jpg ... ⚠ Unknown/ (Minor 값을 찾지 못함)
[55/205] 처리 중: 장호원비콘설치20251104147.jpg ... ⚠ Unknown/ (Minor 값을 찾지 못함)
[56/205] 처리 중: 장호원비콘설치21251104148.jpg ... ⚠ Unknown/ (Minor 값을 찾지 못함)
[57/205] 처리 중: 장호원비콘설치21251104149.jpg ... ⚠ Unknown/ (Minor 값을 찾지 못함)
[58/205] 처리 중: 장호원비콘설치22251104151.jpg ... ⚠ Unknown/ (Minor 값을 찾지 못함)
[59/205] 처리 중: 장호원비콘설치2251104121.jpg ... ⚠ Unknown/ (Minor 값을 찾지 못함)
[60/205] 처리 중: 장호원비콘설치23251104152.jpg ... ⚠ Unknown/ (Minor 값을 찾지 못함)
[61/205] 처리 중: 장호원비콘설치24251104153.jpg ... ⚠ Unknown/ (Minor 값을 찾지 못함)
[62/205] 처리 중: 장호원비콘설치24251104154.jpg ... ⚠ Unknown/ (Minor 값을 찾지 못함)
[63/205] 처리 중: 장호원비콘설치25251104155.jpg ... ⚠ Unknown/ (Minor 값을 찾지 못함)
[64/205] 처리 중: 장호원비콘설치26251104156.jpg ... ⚠ Unknown/ (Minor 값을 찾지 못함)
[65/205] 처리 중: 장호원비콘설치27251104157.jpg ... ⚠ Unknown/ (Minor 값을 찾지 못함)
[66/205] 처리 중: 장호원비콘설치28251104158.jpg ... ⚠ Unknown/ (Minor 값을 찾지 못함)
[67/205] 처리 중: 장호원비콘설치29251104159.jpg ... ⚠ Unknown/ (Minor 값을 찾지 못함)
[68/205] 처리 중: 장호원비콘설치30251104160.jpg ... ⚠ Unknown/ (Minor 값을 찾지 못함)
[69/205] 처리 중: 장호원비콘설치30251104161.jpg ... ⚠ Unknown/ (Minor 값을 찾지 못함)
[70/205] 처리 중: 장호원비콘설치31251104162.jpg ... ⚠ Unknown/ (Minor 값을 찾지 못함)
[71/205] 처리 중: 장호원비콘설치32251104163.jpg ... ⚠ Unknown/ (Minor 값을 찾지 못함)
[72/205] 처리 중: 장호원비콘설치3251104122.jpg ... ⚠ Unknown/ (Minor 값을 찾지 못함)
[73/205] 처리 중: 장호원비콘설치33251104164.jpg ... ⚠ Unknown/ (Minor 값을 찾지 못함)
[74/205] 처리 중: 장호원비콘설치34251104165.jpg ... ⚠ Unknown/ (Minor 값을 찾지 못함)
[75/205] 처리 중: 장호원비콘설치35251104166.jpg ... ⚠ Unknown/ (Minor 값을 찾지 못함)
[76/205] 처리 중: 장호원비콘설치35251104167.jpg ... ⚠ Unknown/ (Minor 값을 찾지 못함)
[77/205] 처리 중: 장호원비콘설치35251104168.jpg ... ⚠ Unknown/ (Minor 값을 찾지 못함)
[78/205] 처리 중: 장호원비콘설치36251104169.jpg ... ⚠ Unknown/ (Minor 값을 찾지 못함)
[79/205] 처리 중: 장호원비콘설치36251104170.jpg ... ⚠ Unknown/ (Minor 값을 찾지 못함)
[80/205] 처리 중: 장호원비콘설치37251104171.jpg ... ⚠ Unknown/ (Minor 값을 찾지 못함)
[81/205] 처리 중: 장호원비콘설치37251104172.jpg ... ⚠ Unknown/ (Minor 값을 찾지 못함)
[82/205] 처리 중: 장호원비콘설치38251104173.jpg ... ⚠ Unknown/ (Minor 값을 찾지 못함)
[83/205] 처리 중: 장호원비콘설치38251104174.jpg ... ⚠ Unknown/ (Minor 값을 찾지 못함)
[84/205] 처리 중: 장호원비콘설치39251104059.jpg ... ✓ Minor_39/
[85/205] 처리 중: 장호원비콘설치39251104060.jpg ... ⚠ Unknown/ (Minor 값을 찾지 못함)
[86/205] 처리 중: 장호원비콘설치41251104061.jpg ... ✓ Minor_41/
[87/205] 처리 중: 장호원비콘설치41251104062.jpg ... ⚠ Unknown/ (Minor 값을 찾지 못함)
[88/205] 처리 중: 장호원비콘설치42251104063.jpg ... ✓ Minor_42/
[89/205] 처리 중: 장호원비콘설치42251104064.jpg ... ⚠ Unknown/ (Minor 값을 찾지 못함)
[90/205] 처리 중: 장호원비콘설치4251104123.jpg ... ⚠ Unknown/ (Minor 값을 찾지 못함)
[91/205] 처리 중: 장호원비콘설치43251104065.jpg ... ✓ Minor_43/
[92/205] 처리 중: 장호원비콘설치43251104066.jpg ... ⚠ Unknown/ (Minor 값을 찾지 못함)
[93/205] 처리 중: 장호원비콘설치44251104067.jpg ... ✓ Minor_0/
[94/205] 처리 중: 장호원비콘설치44251104068.jpg ... ⚠ Unknown/ (Minor 값을 찾지 못함)
[95/205] 처리 중: 장호원비콘설치45251104069.jpg ... ✓ Minor_45/
[96/205] 처리 중: 장호원비콘설치45251104070.jpg ... ⚠ Unknown/ (Minor 값을 찾지 못함)
[97/205] 처리 중: 장호원비콘설치46251104071.jpg ... ✓ Minor_46/
[98/205] 처리 중: 장호원비콘설치46251104072.jpg ... ⚠ Unknown/ (Minor 값을 찾지 못함)
[99/205] 처리 중: 장호원비콘설치47251104073.jpg ... ✓ Minor_47/
[100/205] 처리 중: 장호원비콘설치47251104074.jpg ... ⚠ Unknown/ (Minor 값을 찾지 못함)
[101/205] 처리 중: 장호원비콘설치48251104075.jpg ... ✓ Minor_48/
[102/205] 처리 중: 장호원비콘설치48251104076.jpg ... ⚠ Unknown/ (Minor 값을 찾지 못함)
[103/205] 처리 중: 장호원비콘설치49251104077.jpg ... ✓ Minor_0/
[104/205] 처리 중: 장호원비콘설치49251104078.jpg ... ⚠ Unknown/ (Minor 값을 찾지 못함)
[105/205] 처리 중: 장호원비콘설치50251104079.jpg ... ✓ Minor_50/
[106/205] 처리 중: 장호원비콘설치50251104080.jpg ... ⚠ Unknown/ (Minor 값을 찾지 못함)
[107/205] 처리 중: 장호원비콘설치51251104081.jpg ... ✓ Minor_51/
[108/205] 처리 중: 장호원비콘설치51251104082.jpg ... ⚠ Unknown/ (Minor 값을 찾지 못함)
[109/205] 처리 중: 장호원비콘설치52251104084.jpg ... ✓ Minor_52/
[110/205] 처리 중: 장호원비콘설치52251104085.jpg ... ⚠ Unknown/ (Minor 값을 찾지 못함)
[111/205] 처리 중: 장호원비콘설치52251104086.jpg ... ⚠ Unknown/ (Minor 값을 찾지 못함)
[112/205] 처리 중: 장호원비콘설치5251104124.jpg ... ⚠ Unknown/ (Minor 값을 찾지 못함)
[113/205] 처리 중: 장호원비콘설치53251104087.jpg ... ✓ Minor_53/
[114/205] 처리 중: 장호원비콘설치53251104088.jpg ... ⚠ Unknown/ (Minor 값을 찾지 못함)
[115/205] 처리 중: 장호원비콘설치54251104089.jpg ... ✓ Minor_54/
[116/205] 처리 중: 장호원비콘설치54251104090.jpg ... ⚠ Unknown/ (Minor 값을 찾지 못함)
[117/205] 처리 중: 장호원비콘설치55251104091.jpg ... ✓ Minor_55/
[118/205] 처리 중: 장호원비콘설치55251104092.jpg ... ⚠ Unknown/ (Minor 값을 찾지 못함)
[119/205] 처리 중: 장호원비콘설치56251104093.jpg ... ✓ Minor_56/
[120/205] 처리 중: 장호원비콘설치56251104094.jpg ... ⚠ Unknown/ (Minor 값을 찾지 못함)
[121/205] 처리 중: 장호원비콘설치56251104095.jpg ... ⚠ Unknown/ (Minor 값을 찾지 못함)
[122/205] 처리 중: 장호원비콘설치57251104096.jpg ... ✓ Minor_57/
[123/205] 처리 중: 장호원비콘설치57251104097.jpg ... ⚠ Unknown/ (Minor 값을 찾지 못함)
[124/205] 처리 중: 장호원비콘설치58251104098.jpg ... ✓ Minor_58/
[125/205] 처리 중: 장호원비콘설치58251104099.jpg ... ⚠ Unknown/ (Minor 값을 찾지 못함)
[126/205] 처리 중: 장호원비콘설치59251104100.jpg ... ✓ Minor_59/
[127/205] 처리 중: 장호원비콘설치59251104101.jpg ... ⚠ Unknown/ (Minor 값을 찾지 못함)
[128/205] 처리 중: 장호원비콘설치60251104102.jpg ... ✓ Minor_60/
[129/205] 처리 중: 장호원비콘설치60251104103.jpg ... ⚠ Unknown/ (Minor 값을 찾지 못함)
[130/205] 처리 중: 장호원비콘설치61251104104.jpg ... ✓ Minor_61/
[131/205] 처리 중: 장호원비콘설치61251104105.jpg ... ⚠ Unknown/ (Minor 값을 찾지 못함)
[132/205] 처리 중: 장호원비콘설치62251104106.jpg ... ✓ Minor_62/
[133/205] 처리 중: 장호원비콘설치62251104107.jpg ... ⚠ Unknown/ (Minor 값을 찾지 못함)
[134/205] 처리 중: 장호원비콘설치6251104125.jpg ... ⚠ Unknown/ (Minor 값을 찾지 못함)
[135/205] 처리 중: 장호원비콘설치63251104108.jpg ... ⚠ Unknown/ (Minor 값을 찾지 못함)
[136/205] 처리 중: 장호원비콘설치63251104109.jpg ... ⚠ Unknown/ (Minor 값을 찾지 못함)
[137/205] 처리 중: 장호원비콘설치64251104110.jpg ... ✓ Minor_64/
[138/205] 처리 중: 장호원비콘설치64251104111.jpg ... ⚠ Unknown/ (Minor 값을 찾지 못함)
[139/205] 처리 중: 장호원비콘설치65251104112.jpg ... ✓ Minor_65/
[140/205] 처리 중: 장호원비콘설치65251104113.jpg ... ⚠ Unknown/ (Minor 값을 찾지 못함)
[141/205] 처리 중: 장호원비콘설치66251104114.jpg ... Traceback (most recent call last):
  File "/Users/marx/Documents/works/labeling-to-pdf/organize_by_minor.py", line 135, in <module>
    minor_value = extract_minor_value(file_path)
  File "/Users/marx/Documents/works/labeling-to-pdf/organize_by_minor.py", line 93, in organize_files
    for pattern in install_patterns:
  File "/Library/Developer/CommandLineTools/Library/Frameworks/Python3.framework/Versions/3.9/lib/python3.9/pathlib.py", line 1313, in mkdir
    self._accessor.mkdir(self, mode)
FileNotFoundError: [Errno 2] No such file or directory: 'output/Minor_66'
